Flow report for PBL4
Tue Dec 09 01:00:49 2014
Quartus II Version 9.0 Build 235 06/17/2009 Service Pack 2 SJ Web Edition


---------------------
; Table of Contents ;
---------------------
  1. Legal Notice
  2. Flow Summary
  3. Flow Settings
  4. Flow Non-Default Global Settings
  5. Flow Elapsed Time
  6. Flow OS Summary
  7. Flow Log



----------------
; Legal Notice ;
----------------
Copyright (C) 1991-2009 Altera Corporation
Your use of Altera Corporation's design tools, logic functions 
and other software and tools, and its AMPP partner logic 
functions, and any output files from any of the foregoing 
(including device programming or simulation files), and any 
associated documentation or information are expressly subject 
to the terms and conditions of the Altera Program License 
Subscription Agreement, Altera MegaCore Function License 
Agreement, or other applicable license agreement, including, 
without limitation, that your use is for the sole purpose of 
programming logic devices manufactured by Altera and sold by 
Altera or its authorized distributors.  Please refer to the 
applicable agreement for further details.



+------------------------------------------------------------------------+
; Flow Summary                                                           ;
+-------------------------+----------------------------------------------+
; Flow Status             ; Successful - Tue Dec 09 01:00:49 2014        ;
; Quartus II Version      ; 9.0 Build 235 06/17/2009 SP 2 SJ Web Edition ;
; Revision Name           ; PBL4                                         ;
; Top-level Entity Name   ; PBL4                                         ;
; Family                  ; ACEX1K                                       ;
; Device                  ; EP1K100QC208-3                               ;
; Timing Models           ; Final                                        ;
; Met timing requirements ; No                                           ;
; Total logic elements    ; 85 / 4,992 ( 2 % )                           ;
; Total pins              ; 38 / 147 ( 26 % )                            ;
; Total memory bits       ; 0 / 49,152 ( 0 % )                           ;
; Total PLLs              ; 0                                            ;
+-------------------------+----------------------------------------------+


+-----------------------------------------+
; Flow Settings                           ;
+-------------------+---------------------+
; Option            ; Setting             ;
+-------------------+---------------------+
; Start date & time ; 12/09/2014 01:00:29 ;
; Main task         ; Compilation         ;
; Revision Name     ; PBL4                ;
+-------------------+---------------------+


+--------------------------------------------------------------------------------------------------------------------+
; Flow Non-Default Global Settings                                                                                   ;
+------------------------------------+--------------------------------+---------------+-------------+----------------+
; Assignment Name                    ; Value                          ; Default Value ; Entity Name ; Section Id     ;
+------------------------------------+--------------------------------+---------------+-------------+----------------+
; COMPILER_SIGNATURE_ID              ; 51472412094830.141809402901760 ; --            ; --          ; --             ;
; MAX_CORE_JUNCTION_TEMP             ; 85                             ; --            ; --          ; --             ;
; MIN_CORE_JUNCTION_TEMP             ; 0                              ; --            ; --          ; --             ;
; MISC_FILE                          ; E:/PBL04/PBL4.dpf              ; --            ; --          ; --             ;
; USE_GENERATED_PHYSICAL_CONSTRAINTS ; Off                            ; --            ; --          ; eda_blast_fpga ;
+------------------------------------+--------------------------------+---------------+-------------+----------------+


+-----------------------------------------------------------------------------------------------------------------------------+
; Flow Elapsed Time                                                                                                           ;
+-------------------------+--------------+-------------------------+---------------------+------------------------------------+
; Module Name             ; Elapsed Time ; Average Processors Used ; Peak Virtual Memory ; Total CPU Time (on all processors) ;
+-------------------------+--------------+-------------------------+---------------------+------------------------------------+
; Analysis & Synthesis    ; 00:00:03     ; 1.0                     ; 216 MB              ; 00:00:02                           ;
; Fitter                  ; 00:00:09     ; 1.0                     ; 206 MB              ; 00:00:06                           ;
; Assembler               ; 00:00:00     ; 1.0                     ; 204 MB              ; 00:00:00                           ;
; Classic Timing Analyzer ; 00:00:01     ; 1.0                     ; 170 MB              ; 00:00:00                           ;
; Total                   ; 00:00:13     ; --                      ; --                  ; 00:00:08                           ;
+-------------------------+--------------+-------------------------+---------------------+------------------------------------+


+------------------------------------------------------------------------------------------+
; Flow OS Summary                                                                          ;
+-------------------------+------------------+---------------+------------+----------------+
; Module Name             ; Machine Hostname ; OS Name       ; OS Version ; Processor type ;
+-------------------------+------------------+---------------+------------+----------------+
; Analysis & Synthesis    ; Washington-PC    ; Windows Vista ; 6.1        ; x86_64         ;
; Fitter                  ; Washington-PC    ; Windows Vista ; 6.1        ; x86_64         ;
; Assembler               ; Washington-PC    ; Windows Vista ; 6.1        ; x86_64         ;
; Classic Timing Analyzer ; Washington-PC    ; Windows Vista ; 6.1        ; x86_64         ;
+-------------------------+------------------+---------------+------------+----------------+


------------
; Flow Log ;
------------
quartus_map --read_settings_files=on --write_settings_files=off PBL4 -c PBL4
quartus_fit --read_settings_files=off --write_settings_files=off PBL4 -c PBL4
quartus_asm --read_settings_files=off --write_settings_files=off PBL4 -c PBL4
quartus_tan --read_settings_files=off --write_settings_files=off PBL4 -c PBL4



