Classic Timing Analyzer report for PBL02
Tue Oct 07 17:33:29 2014
Quartus II Version 9.0 Build 132 02/25/2009 SJ Web Edition


---------------------
; Table of Contents ;
---------------------
  1. Legal Notice
  2. Timing Analyzer Summary
  3. Timing Analyzer Settings
  4. Clock Settings Summary
  5. Parallel Compilation
  6. Clock Setup: 'CLK'
  7. tco
  8. tpd
  9. Timing Analyzer Messages



----------------
; Legal Notice ;
----------------
Copyright (C) 1991-2009 Altera Corporation
Your use of Altera Corporation's design tools, logic functions 
and other software and tools, and its AMPP partner logic 
functions, and any output files from any of the foregoing 
(including device programming or simulation files), and any 
associated documentation or information are expressly subject 
to the terms and conditions of the Altera Program License 
Subscription Agreement, Altera MegaCore Function License 
Agreement, or other applicable license agreement, including, 
without limitation, that your use is for the sole purpose of 
programming logic devices manufactured by Altera and sold by 
Altera or its authorized distributors.  Please refer to the 
applicable agreement for further details.



+------------------------------------------------------------------------------------------------------------------------------------------------------------------------------------------+
; Timing Analyzer Summary                                                                                                                                                                  ;
+------------------------------+-------+---------------+------------------------------------------------+---------------------+---------------------+------------+----------+--------------+
; Type                         ; Slack ; Required Time ; Actual Time                                    ; From                ; To                  ; From Clock ; To Clock ; Failed Paths ;
+------------------------------+-------+---------------+------------------------------------------------+---------------------+---------------------+------------+----------+--------------+
; Worst-case tco               ; N/A   ; None          ; 87.100 ns                                      ; Contador:inst|inst9 ; SaidaA              ; CLK        ; --       ; 0            ;
; Worst-case tpd               ; N/A   ; None          ; 31.500 ns                                      ; HAB                 ; SaidaA              ; --         ; --       ; 0            ;
; Clock Setup: 'CLK'           ; N/A   ; None          ; Restricted to 200.00 MHz ( period = 5.000 ns ) ; Contador:inst|inst9 ; Contador:inst|inst8 ; CLK        ; CLK      ; 0            ;
; Total number of failed paths ;       ;               ;                                                ;                     ;                     ;            ;          ; 0            ;
+------------------------------+-------+---------------+------------------------------------------------+---------------------+---------------------+------------+----------+--------------+


+--------------------------------------------------------------------------------------------------------------------+
; Timing Analyzer Settings                                                                                           ;
+---------------------------------------------------------------------+--------------------+------+----+-------------+
; Option                                                              ; Setting            ; From ; To ; Entity Name ;
+---------------------------------------------------------------------+--------------------+------+----+-------------+
; Device Name                                                         ; EP1K100QC208-3     ;      ;    ;             ;
; Timing Models                                                       ; Final              ;      ;    ;             ;
; Default hold multicycle                                             ; Same as Multicycle ;      ;    ;             ;
; Cut paths between unrelated clock domains                           ; On                 ;      ;    ;             ;
; Cut off read during write signal paths                              ; On                 ;      ;    ;             ;
; Cut off feedback from I/O pins                                      ; On                 ;      ;    ;             ;
; Report Combined Fast/Slow Timing                                    ; Off                ;      ;    ;             ;
; Ignore Clock Settings                                               ; Off                ;      ;    ;             ;
; Analyze latches as synchronous elements                             ; On                 ;      ;    ;             ;
; Enable Recovery/Removal analysis                                    ; Off                ;      ;    ;             ;
; Enable Clock Latency                                                ; Off                ;      ;    ;             ;
; Use TimeQuest Timing Analyzer                                       ; Off                ;      ;    ;             ;
; Minimum Core Junction Temperature                                   ; 0                  ;      ;    ;             ;
; Maximum Core Junction Temperature                                   ; 85                 ;      ;    ;             ;
; Number of source nodes to report per destination node               ; 10                 ;      ;    ;             ;
; Number of destination nodes to report                               ; 10                 ;      ;    ;             ;
; Number of paths to report                                           ; 200                ;      ;    ;             ;
; Report Minimum Timing Checks                                        ; Off                ;      ;    ;             ;
; Use Fast Timing Models                                              ; Off                ;      ;    ;             ;
; Report IO Paths Separately                                          ; Off                ;      ;    ;             ;
; Perform Multicorner Analysis                                        ; Off                ;      ;    ;             ;
; Reports the worst-case path for each clock domain and analysis      ; Off                ;      ;    ;             ;
; Removes common clock path pessimism (CCPP) during slack computation ; Off                ;      ;    ;             ;
; Output I/O Timing Endpoint                                          ; Near End           ;      ;    ;             ;
+---------------------------------------------------------------------+--------------------+------+----+-------------+


+------------------------------------------------------------------------------------------------------------------------------------------------------------------------------------+
; Clock Settings Summary                                                                                                                                                             ;
+-----------------+--------------------+----------+------------------+---------------+--------------+----------+-----------------------+---------------------+--------+--------------+
; Clock Node Name ; Clock Setting Name ; Type     ; Fmax Requirement ; Early Latency ; Late Latency ; Based on ; Multiply Base Fmax by ; Divide Base Fmax by ; Offset ; Phase offset ;
+-----------------+--------------------+----------+------------------+---------------+--------------+----------+-----------------------+---------------------+--------+--------------+
; CLK             ;                    ; User Pin ; None             ; 0.000 ns      ; 0.000 ns     ; --       ; N/A                   ; N/A                 ; N/A    ;              ;
+-----------------+--------------------+----------+------------------+---------------+--------------+----------+-----------------------+---------------------+--------+--------------+


Parallel compilation was disabled, but you have multiple processors available. Enable parallel compilation to reduce compilation time.
+-------------------------------------+
; Parallel Compilation                ;
+----------------------------+--------+
; Processors                 ; Number ;
+----------------------------+--------+
; Number detected on machine ; 2      ;
; Maximum allowed            ; 1      ;
+----------------------------+--------+


+------------------------------------------------------------------------------------------------------------------------------------------------------------------------------------------------------------------+
; Clock Setup: 'CLK'                                                                                                                                                                                               ;
+-------+------------------------------------------------+----------------------+----------------------+------------+----------+-----------------------------+---------------------------+-------------------------+
; Slack ; Actual fmax (period)                           ; From                 ; To                   ; From Clock ; To Clock ; Required Setup Relationship ; Required Longest P2P Time ; Actual Longest P2P Time ;
+-------+------------------------------------------------+----------------------+----------------------+------------+----------+-----------------------------+---------------------------+-------------------------+
; N/A   ; Restricted to 200.00 MHz ( period = 5.000 ns ) ; Contador:inst|inst9  ; Contador:inst|inst8  ; CLK        ; CLK      ; None                        ; None                      ; 1.300 ns                ;
; N/A   ; Restricted to 200.00 MHz ( period = 5.000 ns ) ; Contador:inst|inst9  ; Contador:inst|inst9  ; CLK        ; CLK      ; None                        ; None                      ; 1.200 ns                ;
; N/A   ; Restricted to 200.00 MHz ( period = 5.000 ns ) ; Contador:inst|inst8  ; Contador:inst|inst8  ; CLK        ; CLK      ; None                        ; None                      ; 1.200 ns                ;
; N/A   ; Restricted to 200.00 MHz ( period = 5.000 ns ) ; Divisor:inst9|inst15 ; Divisor:inst9|inst15 ; CLK        ; CLK      ; None                        ; None                      ; 1.200 ns                ;
; N/A   ; Restricted to 200.00 MHz ( period = 5.000 ns ) ; Divisor:inst9|inst14 ; Divisor:inst9|inst14 ; CLK        ; CLK      ; None                        ; None                      ; 1.200 ns                ;
; N/A   ; Restricted to 200.00 MHz ( period = 5.000 ns ) ; Divisor:inst9|inst13 ; Divisor:inst9|inst13 ; CLK        ; CLK      ; None                        ; None                      ; 1.200 ns                ;
; N/A   ; Restricted to 200.00 MHz ( period = 5.000 ns ) ; Divisor:inst9|inst12 ; Divisor:inst9|inst12 ; CLK        ; CLK      ; None                        ; None                      ; 1.200 ns                ;
; N/A   ; Restricted to 200.00 MHz ( period = 5.000 ns ) ; Divisor:inst9|inst11 ; Divisor:inst9|inst11 ; CLK        ; CLK      ; None                        ; None                      ; 1.200 ns                ;
; N/A   ; Restricted to 200.00 MHz ( period = 5.000 ns ) ; Divisor:inst9|inst10 ; Divisor:inst9|inst10 ; CLK        ; CLK      ; None                        ; None                      ; 1.200 ns                ;
; N/A   ; Restricted to 200.00 MHz ( period = 5.000 ns ) ; Divisor:inst9|inst9  ; Divisor:inst9|inst9  ; CLK        ; CLK      ; None                        ; None                      ; 1.200 ns                ;
; N/A   ; Restricted to 200.00 MHz ( period = 5.000 ns ) ; Divisor:inst9|inst8  ; Divisor:inst9|inst8  ; CLK        ; CLK      ; None                        ; None                      ; 1.200 ns                ;
; N/A   ; Restricted to 200.00 MHz ( period = 5.000 ns ) ; Divisor:inst8|inst15 ; Divisor:inst8|inst15 ; CLK        ; CLK      ; None                        ; None                      ; 1.200 ns                ;
; N/A   ; Restricted to 200.00 MHz ( period = 5.000 ns ) ; Divisor:inst8|inst14 ; Divisor:inst8|inst14 ; CLK        ; CLK      ; None                        ; None                      ; 1.200 ns                ;
; N/A   ; Restricted to 200.00 MHz ( period = 5.000 ns ) ; Divisor:inst8|inst13 ; Divisor:inst8|inst13 ; CLK        ; CLK      ; None                        ; None                      ; 1.200 ns                ;
; N/A   ; Restricted to 200.00 MHz ( period = 5.000 ns ) ; Divisor:inst8|inst12 ; Divisor:inst8|inst12 ; CLK        ; CLK      ; None                        ; None                      ; 1.200 ns                ;
; N/A   ; Restricted to 200.00 MHz ( period = 5.000 ns ) ; Divisor:inst8|inst11 ; Divisor:inst8|inst11 ; CLK        ; CLK      ; None                        ; None                      ; 1.200 ns                ;
; N/A   ; Restricted to 200.00 MHz ( period = 5.000 ns ) ; Divisor:inst8|inst10 ; Divisor:inst8|inst10 ; CLK        ; CLK      ; None                        ; None                      ; 1.200 ns                ;
; N/A   ; Restricted to 200.00 MHz ( period = 5.000 ns ) ; Divisor:inst8|inst9  ; Divisor:inst8|inst9  ; CLK        ; CLK      ; None                        ; None                      ; 1.200 ns                ;
; N/A   ; Restricted to 200.00 MHz ( period = 5.000 ns ) ; Divisor:inst8|inst8  ; Divisor:inst8|inst8  ; CLK        ; CLK      ; None                        ; None                      ; 1.200 ns                ;
+-------+------------------------------------------------+----------------------+----------------------+------------+----------+-----------------------------+---------------------------+-------------------------+


+---------------------------------------------------------------------------------+
; tco                                                                             ;
+-------+--------------+------------+---------------------+----------+------------+
; Slack ; Required tco ; Actual tco ; From                ; To       ; From Clock ;
+-------+--------------+------------+---------------------+----------+------------+
; N/A   ; None         ; 87.100 ns  ; Contador:inst|inst9 ; SaidaA   ; CLK        ;
; N/A   ; None         ; 86.500 ns  ; Contador:inst|inst8 ; SaidaA   ; CLK        ;
; N/A   ; None         ; 86.000 ns  ; Contador:inst|inst9 ; SaidaB   ; CLK        ;
; N/A   ; None         ; 85.900 ns  ; Contador:inst|inst9 ; SaidaF   ; CLK        ;
; N/A   ; None         ; 85.800 ns  ; Contador:inst|inst9 ; SaidaE   ; CLK        ;
; N/A   ; None         ; 85.800 ns  ; Contador:inst|inst9 ; SaidaG   ; CLK        ;
; N/A   ; None         ; 85.800 ns  ; Contador:inst|inst9 ; SaidaC   ; CLK        ;
; N/A   ; None         ; 85.600 ns  ; Contador:inst|inst9 ; SaidaD   ; CLK        ;
; N/A   ; None         ; 85.400 ns  ; Contador:inst|inst8 ; SaidaB   ; CLK        ;
; N/A   ; None         ; 85.300 ns  ; Contador:inst|inst8 ; SaidaF   ; CLK        ;
; N/A   ; None         ; 85.200 ns  ; Contador:inst|inst8 ; SaidaE   ; CLK        ;
; N/A   ; None         ; 85.200 ns  ; Contador:inst|inst8 ; SaidaG   ; CLK        ;
; N/A   ; None         ; 85.200 ns  ; Contador:inst|inst8 ; SaidaC   ; CLK        ;
; N/A   ; None         ; 85.000 ns  ; Contador:inst|inst8 ; SaidaD   ; CLK        ;
; N/A   ; None         ; 74.900 ns  ; Contador:inst|inst9 ; Display1 ; CLK        ;
; N/A   ; None         ; 74.700 ns  ; Contador:inst|inst8 ; Display1 ; CLK        ;
; N/A   ; None         ; 74.500 ns  ; Contador:inst|inst8 ; Display4 ; CLK        ;
; N/A   ; None         ; 73.900 ns  ; Contador:inst|inst9 ; Display2 ; CLK        ;
; N/A   ; None         ; 73.800 ns  ; Contador:inst|inst9 ; Display3 ; CLK        ;
; N/A   ; None         ; 73.200 ns  ; Contador:inst|inst8 ; Display3 ; CLK        ;
; N/A   ; None         ; 73.200 ns  ; Contador:inst|inst9 ; Display4 ; CLK        ;
; N/A   ; None         ; 72.900 ns  ; Contador:inst|inst8 ; Display2 ; CLK        ;
+-------+--------------+------------+---------------------+----------+------------+


+-------------------------------------------------------------+
; tpd                                                         ;
+-------+-------------------+-----------------+------+--------+
; Slack ; Required P2P Time ; Actual P2P Time ; From ; To     ;
+-------+-------------------+-----------------+------+--------+
; N/A   ; None              ; 31.500 ns       ; HAB  ; SaidaA ;
; N/A   ; None              ; 30.400 ns       ; HAB  ; SaidaB ;
; N/A   ; None              ; 30.300 ns       ; HAB  ; SaidaF ;
; N/A   ; None              ; 30.200 ns       ; HAB  ; SaidaE ;
; N/A   ; None              ; 30.200 ns       ; HAB  ; SaidaG ;
; N/A   ; None              ; 30.200 ns       ; HAB  ; SaidaC ;
; N/A   ; None              ; 30.000 ns       ; HAB  ; SaidaD ;
; N/A   ; None              ; 29.500 ns       ; D3   ; SaidaA ;
; N/A   ; None              ; 29.500 ns       ; D4   ; SaidaA ;
; N/A   ; None              ; 28.300 ns       ; D4   ; SaidaE ;
; N/A   ; None              ; 28.300 ns       ; D4   ; SaidaC ;
; N/A   ; None              ; 28.100 ns       ; D4   ; SaidaB ;
; N/A   ; None              ; 28.100 ns       ; D4   ; SaidaD ;
; N/A   ; None              ; 27.900 ns       ; D4   ; SaidaG ;
; N/A   ; None              ; 27.700 ns       ; D4   ; SaidaF ;
; N/A   ; None              ; 27.600 ns       ; D3   ; SaidaG ;
; N/A   ; None              ; 27.600 ns       ; D3   ; SaidaB ;
; N/A   ; None              ; 27.400 ns       ; D3   ; SaidaF ;
; N/A   ; None              ; 27.400 ns       ; D3   ; SaidaD ;
; N/A   ; None              ; 27.300 ns       ; C3   ; SaidaA ;
; N/A   ; None              ; 27.200 ns       ; D3   ; SaidaE ;
; N/A   ; None              ; 27.200 ns       ; D3   ; SaidaC ;
; N/A   ; None              ; 27.000 ns       ; C2   ; SaidaA ;
; N/A   ; None              ; 26.700 ns       ; C1   ; SaidaA ;
; N/A   ; None              ; 26.400 ns       ; D2   ; SaidaA ;
; N/A   ; None              ; 26.200 ns       ; B3   ; SaidaA ;
; N/A   ; None              ; 26.000 ns       ; D1   ; SaidaA ;
; N/A   ; None              ; 25.900 ns       ; B2   ; SaidaA ;
; N/A   ; None              ; 25.900 ns       ; B4   ; SaidaA ;
; N/A   ; None              ; 25.800 ns       ; A3   ; SaidaA ;
; N/A   ; None              ; 25.700 ns       ; B1   ; SaidaA ;
; N/A   ; None              ; 25.600 ns       ; C1   ; SaidaB ;
; N/A   ; None              ; 25.500 ns       ; C1   ; SaidaF ;
; N/A   ; None              ; 25.500 ns       ; C2   ; SaidaG ;
; N/A   ; None              ; 25.500 ns       ; C2   ; SaidaD ;
; N/A   ; None              ; 25.500 ns       ; A2   ; SaidaA ;
; N/A   ; None              ; 25.500 ns       ; A4   ; SaidaA ;
; N/A   ; None              ; 25.400 ns       ; C3   ; SaidaG ;
; N/A   ; None              ; 25.400 ns       ; C1   ; SaidaG ;
; N/A   ; None              ; 25.400 ns       ; C3   ; SaidaB ;
; N/A   ; None              ; 25.400 ns       ; C4   ; SaidaA ;
; N/A   ; None              ; 25.300 ns       ; C2   ; SaidaE ;
; N/A   ; None              ; 25.300 ns       ; C2   ; SaidaF ;
; N/A   ; None              ; 25.300 ns       ; C2   ; SaidaC ;
; N/A   ; None              ; 25.200 ns       ; C3   ; SaidaF ;
; N/A   ; None              ; 25.200 ns       ; C2   ; SaidaB ;
; N/A   ; None              ; 25.200 ns       ; C3   ; SaidaD ;
; N/A   ; None              ; 25.000 ns       ; C3   ; SaidaE ;
; N/A   ; None              ; 25.000 ns       ; C3   ; SaidaC ;
; N/A   ; None              ; 24.900 ns       ; C1   ; SaidaE ;
; N/A   ; None              ; 24.900 ns       ; D2   ; SaidaG ;
; N/A   ; None              ; 24.900 ns       ; C1   ; SaidaC ;
; N/A   ; None              ; 24.900 ns       ; D1   ; SaidaB ;
; N/A   ; None              ; 24.900 ns       ; D2   ; SaidaD ;
; N/A   ; None              ; 24.800 ns       ; D1   ; SaidaF ;
; N/A   ; None              ; 24.700 ns       ; B4   ; SaidaE ;
; N/A   ; None              ; 24.700 ns       ; D2   ; SaidaE ;
; N/A   ; None              ; 24.700 ns       ; D2   ; SaidaF ;
; N/A   ; None              ; 24.700 ns       ; D1   ; SaidaG ;
; N/A   ; None              ; 24.700 ns       ; B4   ; SaidaC ;
; N/A   ; None              ; 24.700 ns       ; D2   ; SaidaC ;
; N/A   ; None              ; 24.700 ns       ; C1   ; SaidaD ;
; N/A   ; None              ; 24.700 ns       ; A1   ; SaidaA ;
; N/A   ; None              ; 24.600 ns       ; B1   ; SaidaB ;
; N/A   ; None              ; 24.600 ns       ; D2   ; SaidaB ;
; N/A   ; None              ; 24.500 ns       ; B1   ; SaidaF ;
; N/A   ; None              ; 24.500 ns       ; B4   ; SaidaB ;
; N/A   ; None              ; 24.500 ns       ; B4   ; SaidaD ;
; N/A   ; None              ; 24.400 ns       ; B2   ; SaidaG ;
; N/A   ; None              ; 24.400 ns       ; B1   ; SaidaG ;
; N/A   ; None              ; 24.400 ns       ; B2   ; SaidaD ;
; N/A   ; None              ; 24.300 ns       ; A4   ; SaidaE ;
; N/A   ; None              ; 24.300 ns       ; B4   ; SaidaG ;
; N/A   ; None              ; 24.300 ns       ; B3   ; SaidaG ;
; N/A   ; None              ; 24.300 ns       ; A4   ; SaidaC ;
; N/A   ; None              ; 24.300 ns       ; B3   ; SaidaB ;
; N/A   ; None              ; 24.200 ns       ; B2   ; SaidaE ;
; N/A   ; None              ; 24.200 ns       ; D1   ; SaidaE ;
; N/A   ; None              ; 24.200 ns       ; C4   ; SaidaE ;
; N/A   ; None              ; 24.200 ns       ; B2   ; SaidaF ;
; N/A   ; None              ; 24.200 ns       ; B2   ; SaidaC ;
; N/A   ; None              ; 24.200 ns       ; D1   ; SaidaC ;
; N/A   ; None              ; 24.200 ns       ; C4   ; SaidaC ;
; N/A   ; None              ; 24.100 ns       ; B4   ; SaidaF ;
; N/A   ; None              ; 24.100 ns       ; B3   ; SaidaF ;
; N/A   ; None              ; 24.100 ns       ; B2   ; SaidaB ;
; N/A   ; None              ; 24.100 ns       ; A4   ; SaidaB ;
; N/A   ; None              ; 24.100 ns       ; A4   ; SaidaD ;
; N/A   ; None              ; 24.100 ns       ; B3   ; SaidaD ;
; N/A   ; None              ; 24.000 ns       ; A2   ; SaidaG ;
; N/A   ; None              ; 24.000 ns       ; C4   ; SaidaB ;
; N/A   ; None              ; 24.000 ns       ; A2   ; SaidaD ;
; N/A   ; None              ; 24.000 ns       ; D1   ; SaidaD ;
; N/A   ; None              ; 24.000 ns       ; C4   ; SaidaD ;
; N/A   ; None              ; 23.900 ns       ; B3   ; SaidaE ;
; N/A   ; None              ; 23.900 ns       ; B1   ; SaidaE ;
; N/A   ; None              ; 23.900 ns       ; A4   ; SaidaG ;
; N/A   ; None              ; 23.900 ns       ; A3   ; SaidaG ;
; N/A   ; None              ; 23.900 ns       ; B3   ; SaidaC ;
; N/A   ; None              ; 23.900 ns       ; B1   ; SaidaC ;
; N/A   ; None              ; 23.900 ns       ; A3   ; SaidaB ;
; N/A   ; None              ; 23.800 ns       ; A2   ; SaidaE ;
; N/A   ; None              ; 23.800 ns       ; A2   ; SaidaF ;
; N/A   ; None              ; 23.800 ns       ; C4   ; SaidaG ;
; N/A   ; None              ; 23.800 ns       ; A2   ; SaidaC ;
; N/A   ; None              ; 23.700 ns       ; A4   ; SaidaF ;
; N/A   ; None              ; 23.700 ns       ; A3   ; SaidaF ;
; N/A   ; None              ; 23.700 ns       ; A2   ; SaidaB ;
; N/A   ; None              ; 23.700 ns       ; A3   ; SaidaD ;
; N/A   ; None              ; 23.700 ns       ; B1   ; SaidaD ;
; N/A   ; None              ; 23.600 ns       ; C4   ; SaidaF ;
; N/A   ; None              ; 23.600 ns       ; A1   ; SaidaB ;
; N/A   ; None              ; 23.500 ns       ; A3   ; SaidaE ;
; N/A   ; None              ; 23.500 ns       ; A1   ; SaidaF ;
; N/A   ; None              ; 23.500 ns       ; A3   ; SaidaC ;
; N/A   ; None              ; 23.400 ns       ; A1   ; SaidaG ;
; N/A   ; None              ; 22.900 ns       ; A1   ; SaidaE ;
; N/A   ; None              ; 22.900 ns       ; A1   ; SaidaC ;
; N/A   ; None              ; 22.700 ns       ; A1   ; SaidaD ;
+-------+-------------------+-----------------+------+--------+


+--------------------------+
; Timing Analyzer Messages ;
+--------------------------+
Info: *******************************************************************
Info: Running Quartus II Classic Timing Analyzer
    Info: Version 9.0 Build 132 02/25/2009 SJ Web Edition
    Info: Processing started: Tue Oct 07 17:33:28 2014
Info: Command: quartus_tan --read_settings_files=off --write_settings_files=off PBL02 -c PBL02
Info: Started post-fitting delay annotation
Info: Delay annotation completed successfully
Warning: Found pins functioning as undefined clocks and/or memory enables
    Info: Assuming node "CLK" is an undefined clock
Warning: Found 16 node(s) in clock paths which may be acting as ripple and/or gated clocks -- node(s) analyzed as buffer(s) resulting in clock skew
    Info: Detected ripple clock "Divisor:inst8|inst8" as buffer
    Info: Detected ripple clock "Divisor:inst8|inst9" as buffer
    Info: Detected ripple clock "Divisor:inst8|inst10" as buffer
    Info: Detected ripple clock "Divisor:inst8|inst11" as buffer
    Info: Detected ripple clock "Divisor:inst8|inst12" as buffer
    Info: Detected ripple clock "Divisor:inst8|inst13" as buffer
    Info: Detected ripple clock "Divisor:inst8|inst14" as buffer
    Info: Detected ripple clock "Divisor:inst8|inst15" as buffer
    Info: Detected ripple clock "Divisor:inst9|inst8" as buffer
    Info: Detected ripple clock "Divisor:inst9|inst9" as buffer
    Info: Detected ripple clock "Divisor:inst9|inst10" as buffer
    Info: Detected ripple clock "Divisor:inst9|inst11" as buffer
    Info: Detected ripple clock "Divisor:inst9|inst12" as buffer
    Info: Detected ripple clock "Divisor:inst9|inst13" as buffer
    Info: Detected ripple clock "Divisor:inst9|inst14" as buffer
    Info: Detected ripple clock "Divisor:inst9|inst15" as buffer
Info: Clock "CLK" Internal fmax is restricted to 200.0 MHz between source register "Contador:inst|inst9" and destination register "Contador:inst|inst8"
    Info: fmax restricted to Clock High delay (2.5 ns) plus Clock Low delay (2.5 ns) : restricted to 5.0 ns. Expand message to see actual delay path.
        Info: + Longest register to register delay is 1.300 ns
            Info: 1: + IC(0.000 ns) + CELL(0.000 ns) = 0.000 ns; Loc. = LC1_F50; Fanout = 16; REG Node = 'Contador:inst|inst9'
            Info: 2: + IC(1.000 ns) + CELL(0.300 ns) = 1.300 ns; Loc. = LC1_F51; Fanout = 15; REG Node = 'Contador:inst|inst8'
            Info: Total cell delay = 0.300 ns ( 23.08 % )
            Info: Total interconnect delay = 1.000 ns ( 76.92 % )
        Info: - Smallest clock skew is 0.000 ns
            Info: + Shortest clock path from clock "CLK" to destination register is 58.700 ns
                Info: 1: + IC(0.000 ns) + CELL(0.500 ns) = 0.500 ns; Loc. = PIN_79; Fanout = 1; CLK Node = 'CLK'
                Info: 2: + IC(1.400 ns) + CELL(1.100 ns) = 3.000 ns; Loc. = LC1_G20; Fanout = 2; REG Node = 'Divisor:inst8|inst8'
                Info: 3: + IC(1.900 ns) + CELL(1.100 ns) = 6.000 ns; Loc. = LC1_G26; Fanout = 2; REG Node = 'Divisor:inst8|inst9'
                Info: 4: + IC(2.000 ns) + CELL(1.100 ns) = 9.100 ns; Loc. = LC1_G11; Fanout = 2; REG Node = 'Divisor:inst8|inst10'
                Info: 5: + IC(2.200 ns) + CELL(1.100 ns) = 12.400 ns; Loc. = LC1_G24; Fanout = 2; REG Node = 'Divisor:inst8|inst11'
                Info: 6: + IC(2.000 ns) + CELL(1.100 ns) = 15.500 ns; Loc. = LC1_G10; Fanout = 2; REG Node = 'Divisor:inst8|inst12'
                Info: 7: + IC(4.000 ns) + CELL(1.100 ns) = 20.600 ns; Loc. = LC1_A14; Fanout = 2; REG Node = 'Divisor:inst8|inst13'
                Info: 8: + IC(2.100 ns) + CELL(1.100 ns) = 23.800 ns; Loc. = LC1_A24; Fanout = 2; REG Node = 'Divisor:inst8|inst14'
                Info: 9: + IC(1.300 ns) + CELL(1.100 ns) = 26.200 ns; Loc. = LC1_A9; Fanout = 2; REG Node = 'Divisor:inst8|inst15'
                Info: 10: + IC(2.300 ns) + CELL(1.100 ns) = 29.600 ns; Loc. = LC1_A25; Fanout = 2; REG Node = 'Divisor:inst9|inst8'
                Info: 11: + IC(4.300 ns) + CELL(1.100 ns) = 35.000 ns; Loc. = LC1_J26; Fanout = 2; REG Node = 'Divisor:inst9|inst9'
                Info: 12: + IC(1.900 ns) + CELL(1.100 ns) = 38.000 ns; Loc. = LC1_J19; Fanout = 2; REG Node = 'Divisor:inst9|inst10'
                Info: 13: + IC(1.900 ns) + CELL(1.100 ns) = 41.000 ns; Loc. = LC1_J8; Fanout = 2; REG Node = 'Divisor:inst9|inst11'
                Info: 14: + IC(2.200 ns) + CELL(1.100 ns) = 44.300 ns; Loc. = LC1_J23; Fanout = 2; REG Node = 'Divisor:inst9|inst12'
                Info: 15: + IC(2.000 ns) + CELL(1.100 ns) = 47.400 ns; Loc. = LC1_J10; Fanout = 2; REG Node = 'Divisor:inst9|inst13'
                Info: 16: + IC(1.800 ns) + CELL(1.100 ns) = 50.300 ns; Loc. = LC1_J2; Fanout = 2; REG Node = 'Divisor:inst9|inst14'
                Info: 17: + IC(2.100 ns) + CELL(1.100 ns) = 53.500 ns; Loc. = LC1_J11; Fanout = 3; REG Node = 'Divisor:inst9|inst15'
                Info: 18: + IC(5.200 ns) + CELL(0.000 ns) = 58.700 ns; Loc. = LC1_F51; Fanout = 15; REG Node = 'Contador:inst|inst8'
                Info: Total cell delay = 18.100 ns ( 30.83 % )
                Info: Total interconnect delay = 40.600 ns ( 69.17 % )
            Info: - Longest clock path from clock "CLK" to source register is 58.700 ns
                Info: 1: + IC(0.000 ns) + CELL(0.500 ns) = 0.500 ns; Loc. = PIN_79; Fanout = 1; CLK Node = 'CLK'
                Info: 2: + IC(1.400 ns) + CELL(1.100 ns) = 3.000 ns; Loc. = LC1_G20; Fanout = 2; REG Node = 'Divisor:inst8|inst8'
                Info: 3: + IC(1.900 ns) + CELL(1.100 ns) = 6.000 ns; Loc. = LC1_G26; Fanout = 2; REG Node = 'Divisor:inst8|inst9'
                Info: 4: + IC(2.000 ns) + CELL(1.100 ns) = 9.100 ns; Loc. = LC1_G11; Fanout = 2; REG Node = 'Divisor:inst8|inst10'
                Info: 5: + IC(2.200 ns) + CELL(1.100 ns) = 12.400 ns; Loc. = LC1_G24; Fanout = 2; REG Node = 'Divisor:inst8|inst11'
                Info: 6: + IC(2.000 ns) + CELL(1.100 ns) = 15.500 ns; Loc. = LC1_G10; Fanout = 2; REG Node = 'Divisor:inst8|inst12'
                Info: 7: + IC(4.000 ns) + CELL(1.100 ns) = 20.600 ns; Loc. = LC1_A14; Fanout = 2; REG Node = 'Divisor:inst8|inst13'
                Info: 8: + IC(2.100 ns) + CELL(1.100 ns) = 23.800 ns; Loc. = LC1_A24; Fanout = 2; REG Node = 'Divisor:inst8|inst14'
                Info: 9: + IC(1.300 ns) + CELL(1.100 ns) = 26.200 ns; Loc. = LC1_A9; Fanout = 2; REG Node = 'Divisor:inst8|inst15'
                Info: 10: + IC(2.300 ns) + CELL(1.100 ns) = 29.600 ns; Loc. = LC1_A25; Fanout = 2; REG Node = 'Divisor:inst9|inst8'
                Info: 11: + IC(4.300 ns) + CELL(1.100 ns) = 35.000 ns; Loc. = LC1_J26; Fanout = 2; REG Node = 'Divisor:inst9|inst9'
                Info: 12: + IC(1.900 ns) + CELL(1.100 ns) = 38.000 ns; Loc. = LC1_J19; Fanout = 2; REG Node = 'Divisor:inst9|inst10'
                Info: 13: + IC(1.900 ns) + CELL(1.100 ns) = 41.000 ns; Loc. = LC1_J8; Fanout = 2; REG Node = 'Divisor:inst9|inst11'
                Info: 14: + IC(2.200 ns) + CELL(1.100 ns) = 44.300 ns; Loc. = LC1_J23; Fanout = 2; REG Node = 'Divisor:inst9|inst12'
                Info: 15: + IC(2.000 ns) + CELL(1.100 ns) = 47.400 ns; Loc. = LC1_J10; Fanout = 2; REG Node = 'Divisor:inst9|inst13'
                Info: 16: + IC(1.800 ns) + CELL(1.100 ns) = 50.300 ns; Loc. = LC1_J2; Fanout = 2; REG Node = 'Divisor:inst9|inst14'
                Info: 17: + IC(2.100 ns) + CELL(1.100 ns) = 53.500 ns; Loc. = LC1_J11; Fanout = 3; REG Node = 'Divisor:inst9|inst15'
                Info: 18: + IC(5.200 ns) + CELL(0.000 ns) = 58.700 ns; Loc. = LC1_F50; Fanout = 16; REG Node = 'Contador:inst|inst9'
                Info: Total cell delay = 18.100 ns ( 30.83 % )
                Info: Total interconnect delay = 40.600 ns ( 69.17 % )
        Info: + Micro clock to output delay of source is 1.100 ns
        Info: + Micro setup delay of destination is 0.700 ns
Info: tco from clock "CLK" to destination pin "SaidaA" through register "Contador:inst|inst9" is 87.100 ns
    Info: + Longest clock path from clock "CLK" to source register is 58.700 ns
        Info: 1: + IC(0.000 ns) + CELL(0.500 ns) = 0.500 ns; Loc. = PIN_79; Fanout = 1; CLK Node = 'CLK'
        Info: 2: + IC(1.400 ns) + CELL(1.100 ns) = 3.000 ns; Loc. = LC1_G20; Fanout = 2; REG Node = 'Divisor:inst8|inst8'
        Info: 3: + IC(1.900 ns) + CELL(1.100 ns) = 6.000 ns; Loc. = LC1_G26; Fanout = 2; REG Node = 'Divisor:inst8|inst9'
        Info: 4: + IC(2.000 ns) + CELL(1.100 ns) = 9.100 ns; Loc. = LC1_G11; Fanout = 2; REG Node = 'Divisor:inst8|inst10'
        Info: 5: + IC(2.200 ns) + CELL(1.100 ns) = 12.400 ns; Loc. = LC1_G24; Fanout = 2; REG Node = 'Divisor:inst8|inst11'
        Info: 6: + IC(2.000 ns) + CELL(1.100 ns) = 15.500 ns; Loc. = LC1_G10; Fanout = 2; REG Node = 'Divisor:inst8|inst12'
        Info: 7: + IC(4.000 ns) + CELL(1.100 ns) = 20.600 ns; Loc. = LC1_A14; Fanout = 2; REG Node = 'Divisor:inst8|inst13'
        Info: 8: + IC(2.100 ns) + CELL(1.100 ns) = 23.800 ns; Loc. = LC1_A24; Fanout = 2; REG Node = 'Divisor:inst8|inst14'
        Info: 9: + IC(1.300 ns) + CELL(1.100 ns) = 26.200 ns; Loc. = LC1_A9; Fanout = 2; REG Node = 'Divisor:inst8|inst15'
        Info: 10: + IC(2.300 ns) + CELL(1.100 ns) = 29.600 ns; Loc. = LC1_A25; Fanout = 2; REG Node = 'Divisor:inst9|inst8'
        Info: 11: + IC(4.300 ns) + CELL(1.100 ns) = 35.000 ns; Loc. = LC1_J26; Fanout = 2; REG Node = 'Divisor:inst9|inst9'
        Info: 12: + IC(1.900 ns) + CELL(1.100 ns) = 38.000 ns; Loc. = LC1_J19; Fanout = 2; REG Node = 'Divisor:inst9|inst10'
        Info: 13: + IC(1.900 ns) + CELL(1.100 ns) = 41.000 ns; Loc. = LC1_J8; Fanout = 2; REG Node = 'Divisor:inst9|inst11'
        Info: 14: + IC(2.200 ns) + CELL(1.100 ns) = 44.300 ns; Loc. = LC1_J23; Fanout = 2; REG Node = 'Divisor:inst9|inst12'
        Info: 15: + IC(2.000 ns) + CELL(1.100 ns) = 47.400 ns; Loc. = LC1_J10; Fanout = 2; REG Node = 'Divisor:inst9|inst13'
        Info: 16: + IC(1.800 ns) + CELL(1.100 ns) = 50.300 ns; Loc. = LC1_J2; Fanout = 2; REG Node = 'Divisor:inst9|inst14'
        Info: 17: + IC(2.100 ns) + CELL(1.100 ns) = 53.500 ns; Loc. = LC1_J11; Fanout = 3; REG Node = 'Divisor:inst9|inst15'
        Info: 18: + IC(5.200 ns) + CELL(0.000 ns) = 58.700 ns; Loc. = LC1_F50; Fanout = 16; REG Node = 'Contador:inst|inst9'
        Info: Total cell delay = 18.100 ns ( 30.83 % )
        Info: Total interconnect delay = 40.600 ns ( 69.17 % )
    Info: + Micro clock to output delay of source is 1.100 ns
    Info: + Longest register to pin delay is 27.300 ns
        Info: 1: + IC(0.000 ns) + CELL(0.000 ns) = 0.000 ns; Loc. = LC1_F50; Fanout = 16; REG Node = 'Contador:inst|inst9'
        Info: 2: + IC(4.200 ns) + CELL(2.000 ns) = 6.200 ns; Loc. = LC5_A33; Fanout = 4; COMB Node = 'Mux:inst3|inst1~0'
        Info: 3: + IC(1.900 ns) + CELL(2.200 ns) = 10.300 ns; Loc. = LC7_A42; Fanout = 7; COMB Node = 'Mux:inst3|inst19~9'
        Info: 4: + IC(3.900 ns) + CELL(2.000 ns) = 16.200 ns; Loc. = LC5_D46; Fanout = 1; COMB Node = 'DecodificadorBCD:inst1|inst54~0'
        Info: 5: + IC(2.500 ns) + CELL(8.600 ns) = 27.300 ns; Loc. = PIN_25; Fanout = 0; PIN Node = 'SaidaA'
        Info: Total cell delay = 14.800 ns ( 54.21 % )
        Info: Total interconnect delay = 12.500 ns ( 45.79 % )
Info: Longest tpd from source pin "HAB" to destination pin "SaidaA" is 31.500 ns
    Info: 1: + IC(0.000 ns) + CELL(3.400 ns) = 3.400 ns; Loc. = PIN_15; Fanout = 10; PIN Node = 'HAB'
    Info: 2: + IC(5.100 ns) + CELL(1.900 ns) = 10.400 ns; Loc. = LC5_A33; Fanout = 4; COMB Node = 'Mux:inst3|inst1~0'
    Info: 3: + IC(1.900 ns) + CELL(2.200 ns) = 14.500 ns; Loc. = LC7_A42; Fanout = 7; COMB Node = 'Mux:inst3|inst19~9'
    Info: 4: + IC(3.900 ns) + CELL(2.000 ns) = 20.400 ns; Loc. = LC5_D46; Fanout = 1; COMB Node = 'DecodificadorBCD:inst1|inst54~0'
    Info: 5: + IC(2.500 ns) + CELL(8.600 ns) = 31.500 ns; Loc. = PIN_25; Fanout = 0; PIN Node = 'SaidaA'
    Info: Total cell delay = 18.100 ns ( 57.46 % )
    Info: Total interconnect delay = 13.400 ns ( 42.54 % )
Info: Quartus II Classic Timing Analyzer was successful. 0 errors, 2 warnings
    Info: Peak virtual memory: 136 megabytes
    Info: Processing ended: Tue Oct 07 17:33:29 2014
    Info: Elapsed time: 00:00:01
    Info: Total CPU time (on all processors): 00:00:01


