Analysis & Synthesis report for PBL02
Tue Oct 07 17:33:11 2014
Quartus II Version 9.0 Build 132 02/25/2009 SJ Web Edition


---------------------
; Table of Contents ;
---------------------
  1. Legal Notice
  2. Analysis & Synthesis Summary
  3. Analysis & Synthesis Settings
  4. Analysis & Synthesis Source Files Read
  5. Analysis & Synthesis Resource Usage Summary
  6. Analysis & Synthesis Resource Utilization by Entity
  7. General Register Statistics
  8. Analysis & Synthesis Messages



----------------
; Legal Notice ;
----------------
Copyright (C) 1991-2009 Altera Corporation
Your use of Altera Corporation's design tools, logic functions 
and other software and tools, and its AMPP partner logic 
functions, and any output files from any of the foregoing 
(including device programming or simulation files), and any 
associated documentation or information are expressly subject 
to the terms and conditions of the Altera Program License 
Subscription Agreement, Altera MegaCore Function License 
Agreement, or other applicable license agreement, including, 
without limitation, that your use is for the sole purpose of 
programming logic devices manufactured by Altera and sold by 
Altera or its authorized distributors.  Please refer to the 
applicable agreement for further details.



+-----------------------------------------------------------------------+
; Analysis & Synthesis Summary                                          ;
+-----------------------------+-----------------------------------------+
; Analysis & Synthesis Status ; Successful - Tue Oct 07 17:33:11 2014   ;
; Quartus II Version          ; 9.0 Build 132 02/25/2009 SJ Web Edition ;
; Revision Name               ; PBL02                                   ;
; Top-level Entity Name       ; PBL02                                   ;
; Family                      ; ACEX1K                                  ;
; Total logic elements        ; 43                                      ;
; Total pins                  ; 29                                      ;
; Total memory bits           ; 0                                       ;
; Total PLLs                  ; 0                                       ;
+-----------------------------+-----------------------------------------+


+-------------------------------------------------------------------------------------------------+
; Analysis & Synthesis Settings                                                                   ;
+----------------------------------------------------------------+----------------+---------------+
; Option                                                         ; Setting        ; Default Value ;
+----------------------------------------------------------------+----------------+---------------+
; Device                                                         ; EP1K100QC208-3 ;               ;
; Top-level entity name                                          ; PBL02          ; PBL02         ;
; Family name                                                    ; ACEX1K         ; Stratix II    ;
; Use Generated Physical Constraints File                        ; Off            ;               ;
; Use smart compilation                                          ; Off            ; Off           ;
; Create Debugging Nodes for IP Cores                            ; Off            ; Off           ;
; Preserve fewer node names                                      ; On             ; On            ;
; Disable OpenCore Plus hardware evaluation                      ; Off            ; Off           ;
; Verilog Version                                                ; Verilog_2001   ; Verilog_2001  ;
; VHDL Version                                                   ; VHDL93         ; VHDL93        ;
; State Machine Processing                                       ; Auto           ; Auto          ;
; Safe State Machine                                             ; Off            ; Off           ;
; Extract Verilog State Machines                                 ; On             ; On            ;
; Extract VHDL State Machines                                    ; On             ; On            ;
; Ignore Verilog initial constructs                              ; Off            ; Off           ;
; Iteration limit for constant Verilog loops                     ; 5000           ; 5000          ;
; Iteration limit for non-constant Verilog loops                 ; 250            ; 250           ;
; Add Pass-Through Logic to Inferred RAMs                        ; On             ; On            ;
; Parallel Synthesis                                             ; Off            ; Off           ;
; NOT Gate Push-Back                                             ; On             ; On            ;
; Power-Up Don't Care                                            ; On             ; On            ;
; Remove Redundant Logic Cells                                   ; Off            ; Off           ;
; Remove Duplicate Registers                                     ; On             ; On            ;
; Ignore CARRY Buffers                                           ; Off            ; Off           ;
; Ignore CASCADE Buffers                                         ; Off            ; Off           ;
; Ignore GLOBAL Buffers                                          ; Off            ; Off           ;
; Ignore ROW GLOBAL Buffers                                      ; Off            ; Off           ;
; Ignore LCELL Buffers                                           ; Off            ; Off           ;
; Ignore SOFT Buffers                                            ; On             ; On            ;
; Limit AHDL Integers to 32 Bits                                 ; Off            ; Off           ;
; Auto Implement in ROM                                          ; Off            ; Off           ;
; Optimization Technique                                         ; Area           ; Area          ;
; Carry Chain Length                                             ; 32             ; 32            ;
; Cascade Chain Length                                           ; 2              ; 2             ;
; Auto Carry Chains                                              ; On             ; On            ;
; Auto Open-Drain Pins                                           ; On             ; On            ;
; Auto ROM Replacement                                           ; On             ; On            ;
; Auto RAM Replacement                                           ; On             ; On            ;
; Auto Clock Enable Replacement                                  ; On             ; On            ;
; Strict RAM Replacement                                         ; Off            ; Off           ;
; Auto Resource Sharing                                          ; Off            ; Off           ;
; Allow Any RAM Size For Recognition                             ; Off            ; Off           ;
; Allow Any ROM Size For Recognition                             ; Off            ; Off           ;
; Use LogicLock Constraints during Resource Balancing            ; On             ; On            ;
; Ignore translate_off and synthesis_off directives              ; Off            ; Off           ;
; Show Parameter Settings Tables in Synthesis Report             ; On             ; On            ;
; HDL message level                                              ; Level2         ; Level2        ;
; Suppress Register Optimization Related Messages                ; Off            ; Off           ;
; Number of Removed Registers Reported in Synthesis Report       ; 100            ; 100           ;
; Number of Inverted Registers Reported in Synthesis Report      ; 100            ; 100           ;
; Block Design Naming                                            ; Auto           ; Auto          ;
; Synthesis Effort                                               ; Auto           ; Auto          ;
; Allows Asynchronous Clear Usage For Shift Register Replacement ; On             ; On            ;
; Analysis & Synthesis Message Level                             ; Medium         ; Medium        ;
+----------------------------------------------------------------+----------------+---------------+


+--------------------------------------------------------------------------------------------------------------------------------------------------------------+
; Analysis & Synthesis Source Files Read                                                                                                                       ;
+----------------------------------+-----------------+------------------------------------+--------------------------------------------------------------------+
; File Name with User-Entered Path ; Used in Netlist ; File Type                          ; File Name with Absolute Path                                       ;
+----------------------------------+-----------------+------------------------------------+--------------------------------------------------------------------+
; Mux.bdf                          ; yes             ; User Block Diagram/Schematic File  ; C:/Documents and Settings/Aluno/Desktop/PBL02/Mux.bdf              ;
; Decodificador2.bdf               ; yes             ; User Block Diagram/Schematic File  ; C:/Documents and Settings/Aluno/Desktop/PBL02/Decodificador2.bdf   ;
; DecodificadorBCD.bdf             ; yes             ; User Block Diagram/Schematic File  ; C:/Documents and Settings/Aluno/Desktop/PBL02/DecodificadorBCD.bdf ;
; Contador.bdf                     ; yes             ; User Block Diagram/Schematic File  ; C:/Documents and Settings/Aluno/Desktop/PBL02/Contador.bdf         ;
; PBL02.bdf                        ; yes             ; User Block Diagram/Schematic File  ; C:/Documents and Settings/Aluno/Desktop/PBL02/PBL02.bdf            ;
; Divisor.bdf                      ; yes             ; User Block Diagram/Schematic File  ; C:/Documents and Settings/Aluno/Desktop/PBL02/Divisor.bdf          ;
+----------------------------------+-----------------+------------------------------------+--------------------------------------------------------------------+


+------------------------------------------------------+
; Analysis & Synthesis Resource Usage Summary          ;
+--------------------------------+---------------------+
; Resource                       ; Usage               ;
+--------------------------------+---------------------+
; Total logic elements           ; 43                  ;
; Total combinational functions  ; 43                  ;
;     -- Total 4-input functions ; 19                  ;
;     -- Total 3-input functions ; 2                   ;
;     -- Total 2-input functions ; 4                   ;
;     -- Total 1-input functions ; 18                  ;
;     -- Total 0-input functions ; 0                   ;
; Total registers                ; 18                  ;
; I/O pins                       ; 29                  ;
; Maximum fan-out node           ; Contador:inst|inst9 ;
; Maximum fan-out                ; 16                  ;
; Total fan-out                  ; 146                 ;
; Average fan-out                ; 2.03                ;
+--------------------------------+---------------------+


+-------------------------------------------------------------------------------------------------------------------------------------------------------------------------------------------------------------------+
; Analysis & Synthesis Resource Utilization by Entity                                                                                                                                                               ;
+-----------------------------+-------------+--------------+-------------+------+--------------+-------------------+------------------+-----------------+------------+-------------------------------+--------------+
; Compilation Hierarchy Node  ; Logic Cells ; LC Registers ; Memory Bits ; Pins ; LUT-Only LCs ; Register-Only LCs ; LUT/Register LCs ; Carry Chain LCs ; Packed LCs ; Full Hierarchy Name           ; Library Name ;
+-----------------------------+-------------+--------------+-------------+------+--------------+-------------------+------------------+-----------------+------------+-------------------------------+--------------+
; |PBL02                      ; 43 (0)      ; 18           ; 0           ; 29   ; 25 (0)       ; 0 (0)             ; 18 (0)           ; 0 (0)           ; 0 (0)      ; |PBL02                        ; work         ;
;    |Contador:inst|          ; 2 (2)       ; 2            ; 0           ; 0    ; 0 (0)        ; 0 (0)             ; 2 (2)            ; 0 (0)           ; 0 (0)      ; |PBL02|Contador:inst          ; work         ;
;    |Decodificador2:inst2|   ; 4 (4)       ; 0            ; 0           ; 0    ; 4 (4)        ; 0 (0)             ; 0 (0)            ; 0 (0)           ; 0 (0)      ; |PBL02|Decodificador2:inst2   ; work         ;
;    |DecodificadorBCD:inst1| ; 7 (7)       ; 0            ; 0           ; 0    ; 7 (7)        ; 0 (0)             ; 0 (0)            ; 0 (0)           ; 0 (0)      ; |PBL02|DecodificadorBCD:inst1 ; work         ;
;    |Divisor:inst8|          ; 8 (8)       ; 8            ; 0           ; 0    ; 0 (0)        ; 0 (0)             ; 8 (8)            ; 0 (0)           ; 0 (0)      ; |PBL02|Divisor:inst8          ; work         ;
;    |Divisor:inst9|          ; 8 (8)       ; 8            ; 0           ; 0    ; 0 (0)        ; 0 (0)             ; 8 (8)            ; 0 (0)           ; 0 (0)      ; |PBL02|Divisor:inst9          ; work         ;
;    |Mux:inst3|              ; 14 (14)     ; 0            ; 0           ; 0    ; 14 (14)      ; 0 (0)             ; 0 (0)            ; 0 (0)           ; 0 (0)      ; |PBL02|Mux:inst3              ; work         ;
+-----------------------------+-------------+--------------+-------------+------+--------------+-------------------+------------------+-----------------+------------+-------------------------------+--------------+
Note: For table entries with two numbers listed, the numbers in parentheses indicate the number of resources of the given type used by the specific entity alone. The numbers listed outside of parentheses indicate the total resources of the given type used by the specific entity and all of its sub-entities in the hierarchy.


+------------------------------------------------------+
; General Register Statistics                          ;
+----------------------------------------------+-------+
; Statistic                                    ; Value ;
+----------------------------------------------+-------+
; Total registers                              ; 18    ;
; Number of registers using Synchronous Clear  ; 0     ;
; Number of registers using Synchronous Load   ; 0     ;
; Number of registers using Asynchronous Clear ; 0     ;
; Number of registers using Asynchronous Load  ; 0     ;
; Number of registers using Clock Enable       ; 1     ;
; Number of registers using Preset             ; 0     ;
+----------------------------------------------+-------+


+-------------------------------+
; Analysis & Synthesis Messages ;
+-------------------------------+
Info: *******************************************************************
Info: Running Quartus II Analysis & Synthesis
    Info: Version 9.0 Build 132 02/25/2009 SJ Web Edition
    Info: Processing started: Tue Oct 07 17:33:10 2014
Info: Command: quartus_map --read_settings_files=on --write_settings_files=off PBL02 -c PBL02
Warning: Entity "Mux" obtained from "C:/Documents and Settings/Aluno/Desktop/PBL02/Mux.bdf" instead of from Quartus II megafunction library
Info: Found 1 design units, including 1 entities, in source file Mux.bdf
    Info: Found entity 1: Mux
Info: Found 1 design units, including 1 entities, in source file Decodificador2.bdf
    Info: Found entity 1: Decodificador2
Info: Found 1 design units, including 1 entities, in source file DecodificadorBCD.bdf
    Info: Found entity 1: DecodificadorBCD
Info: Found 1 design units, including 1 entities, in source file Contador.bdf
    Info: Found entity 1: Contador
Info: Found 1 design units, including 1 entities, in source file PBL02.bdf
    Info: Found entity 1: PBL02
Info: Found 1 design units, including 1 entities, in source file Divisor.bdf
    Info: Found entity 1: Divisor
Info: Found 1 design units, including 1 entities, in source file DD.bdf
    Info: Found entity 1: DD
Info: Elaborating entity "PBL02" for the top level hierarchy
Info: Elaborating entity "DecodificadorBCD" for hierarchy "DecodificadorBCD:inst1"
Info: Elaborating entity "Mux" for hierarchy "Mux:inst3"
Info: Elaborating entity "Contador" for hierarchy "Contador:inst"
Info: Elaborating entity "Divisor" for hierarchy "Divisor:inst9"
Info: Elaborating entity "Decodificador2" for hierarchy "Decodificador2:inst2"
Info: Implemented 72 device resources after synthesis - the final resource count might be different
    Info: Implemented 18 input pins
    Info: Implemented 11 output pins
    Info: Implemented 43 logic cells
Info: Quartus II Analysis & Synthesis was successful. 0 errors, 1 warning
    Info: Peak virtual memory: 169 megabytes
    Info: Processing ended: Tue Oct 07 17:33:11 2014
    Info: Elapsed time: 00:00:01
    Info: Total CPU time (on all processors): 00:00:01


