Flow report for PBL02
Tue Oct 07 17:33:29 2014
Quartus II Version 9.0 Build 132 02/25/2009 SJ Web Edition


---------------------
; Table of Contents ;
---------------------
  1. Legal Notice
  2. Flow Summary
  3. Flow Settings
  4. Flow Non-Default Global Settings
  5. Flow Elapsed Time
  6. Flow OS Summary
  7. Flow Log



----------------
; Legal Notice ;
----------------
Copyright (C) 1991-2009 Altera Corporation
Your use of Altera Corporation's design tools, logic functions 
and other software and tools, and its AMPP partner logic 
functions, and any output files from any of the foregoing 
(including device programming or simulation files), and any 
associated documentation or information are expressly subject 
to the terms and conditions of the Altera Program License 
Subscription Agreement, Altera MegaCore Function License 
Agreement, or other applicable license agreement, including, 
without limitation, that your use is for the sole purpose of 
programming logic devices manufactured by Altera and sold by 
Altera or its authorized distributors.  Please refer to the 
applicable agreement for further details.



+-------------------------------------------------------------------+
; Flow Summary                                                      ;
+-------------------------+-----------------------------------------+
; Flow Status             ; Successful - Tue Oct 07 17:33:29 2014   ;
; Quartus II Version      ; 9.0 Build 132 02/25/2009 SJ Web Edition ;
; Revision Name           ; PBL02                                   ;
; Top-level Entity Name   ; PBL02                                   ;
; Family                  ; ACEX1K                                  ;
; Device                  ; EP1K100QC208-3                          ;
; Timing Models           ; Final                                   ;
; Met timing requirements ; Yes                                     ;
; Total logic elements    ; 43 / 4,992 ( < 1 % )                    ;
; Total pins              ; 29 / 147 ( 20 % )                       ;
; Total memory bits       ; 0 / 49,152 ( 0 % )                      ;
; Total PLLs              ; 0                                       ;
+-------------------------+-----------------------------------------+


+-----------------------------------------+
; Flow Settings                           ;
+-------------------+---------------------+
; Option            ; Setting             ;
+-------------------+---------------------+
; Start date & time ; 10/07/2014 17:33:10 ;
; Main task         ; Compilation         ;
; Revision Name     ; PBL02               ;
+-------------------+---------------------+


+---------------------------------------------------------------------------------------------------------------------------------------------+
; Flow Non-Default Global Settings                                                                                                            ;
+------------------------------------+---------------------------------------------------------+---------------+-------------+----------------+
; Assignment Name                    ; Value                                                   ; Default Value ; Entity Name ; Section Id     ;
+------------------------------------+---------------------------------------------------------+---------------+-------------+----------------+
; COMPILER_SIGNATURE_ID              ; 105425945832.141271399002172                            ; --            ; --          ; --             ;
; MAX_CORE_JUNCTION_TEMP             ; 85                                                      ; --            ; --          ; --             ;
; MIN_CORE_JUNCTION_TEMP             ; 0                                                       ; --            ; --          ; --             ;
; MISC_FILE                          ; C:/Documents and Settings/Aluno/Desktop/PBL02/PBL02.dpf ; --            ; --          ; --             ;
; USE_GENERATED_PHYSICAL_CONSTRAINTS ; Off                                                     ; --            ; --          ; eda_blast_fpga ;
+------------------------------------+---------------------------------------------------------+---------------+-------------+----------------+


+-----------------------------------------------------------------------------------------------------------------------------+
; Flow Elapsed Time                                                                                                           ;
+-------------------------+--------------+-------------------------+---------------------+------------------------------------+
; Module Name             ; Elapsed Time ; Average Processors Used ; Peak Virtual Memory ; Total CPU Time (on all processors) ;
+-------------------------+--------------+-------------------------+---------------------+------------------------------------+
; Analysis & Synthesis    ; 00:00:01     ; 1.0                     ; 169 MB              ; 00:00:01                           ;
; Fitter                  ; 00:00:09     ; 1.0                     ; 156 MB              ; 00:00:09                           ;
; Assembler               ; 00:00:02     ; 1.0                     ; 159 MB              ; 00:00:03                           ;
; Classic Timing Analyzer ; 00:00:01     ; 1.0                     ; 124 MB              ; 00:00:01                           ;
; Total                   ; 00:00:13     ; --                      ; --                  ; 00:00:14                           ;
+-------------------------+--------------+-------------------------+---------------------+------------------------------------+


+---------------------------------------------------------------------------------------+
; Flow OS Summary                                                                       ;
+-------------------------+------------------+------------+------------+----------------+
; Module Name             ; Machine Hostname ; OS Name    ; OS Version ; Processor type ;
+-------------------------+------------------+------------+------------+----------------+
; Analysis & Synthesis    ; labhard-11       ; Windows XP ; 5.1        ; i1586          ;
; Fitter                  ; labhard-11       ; Windows XP ; 5.1        ; i1586          ;
; Assembler               ; labhard-11       ; Windows XP ; 5.1        ; i1586          ;
; Classic Timing Analyzer ; labhard-11       ; Windows XP ; 5.1        ; i1586          ;
+-------------------------+------------------+------------+------------+----------------+


------------
; Flow Log ;
------------
quartus_map --read_settings_files=on --write_settings_files=off PBL02 -c PBL02
quartus_fit --read_settings_files=off --write_settings_files=off PBL02 -c PBL02
quartus_asm --read_settings_files=off --write_settings_files=off PBL02 -c PBL02
quartus_tan --read_settings_files=off --write_settings_files=off PBL02 -c PBL02



